0 info it worked if it ends with ok
1 verbose cli [ '/usr/local/bin/node', '/usr/local/bin/npm', 'publish' ]
2 info using npm@2.15.8
3 info using node@v4.4.7
4 verbose publish [ '.' ]
5 silly cache add args [ '.', null ]
6 verbose cache add spec .
7 silly cache add parsed spec Result {
7 silly cache add   raw: '.',
7 silly cache add   scope: null,
7 silly cache add   name: null,
7 silly cache add   rawSpec: '.',
7 silly cache add   spec: '/Users/gugs/dev/ng-youtube/public/dist/ngYtPlayer',
7 silly cache add   type: 'directory' }
8 verbose addLocalDirectory /Users/gugs/.npm/ng-yt-player/1.0.1/package.tgz not in flight; packing
9 verbose correctMkdir /Users/gugs/.npm correctMkdir not in flight; initializing
10 verbose tar pack [ '/Users/gugs/.npm/ng-yt-player/1.0.1/package.tgz',
10 verbose tar pack   '/Users/gugs/dev/ng-youtube/public/dist/ngYtPlayer' ]
11 verbose tarball /Users/gugs/.npm/ng-yt-player/1.0.1/package.tgz
12 verbose folder /Users/gugs/dev/ng-youtube/public/dist/ngYtPlayer
13 info prepublish ng-yt-player@1.0.1
14 verbose addLocalTarball adding from inside cache /Users/gugs/.npm/ng-yt-player/1.0.1/package.tgz
15 verbose correctMkdir /Users/gugs/.npm correctMkdir not in flight; initializing
16 silly cache afterAdd ng-yt-player@1.0.1
17 verbose afterAdd /Users/gugs/.npm/ng-yt-player/1.0.1/package/package.json not in flight; writing
18 verbose correctMkdir /Users/gugs/.npm correctMkdir not in flight; initializing
19 verbose afterAdd /Users/gugs/.npm/ng-yt-player/1.0.1/package/package.json written
20 silly publish { name: 'ng-yt-player',
20 silly publish   version: '1.0.1',
20 silly publish   description: 'An Angular directive for the You Tube Video Player',
20 silly publish   main: 'dist/ng-ytplayer.js',
20 silly publish   scripts: { test: 'echo "Error: no test specified" && exit 1' },
20 silly publish   author: { name: 'sylvestre.gug@gmail.com' },
20 silly publish   license: 'MIT',
20 silly publish   readme: '# ng-youtube-player\n',
20 silly publish   readmeFilename: 'README.md',
20 silly publish   gitHead: '2d4f0730c4a37bff614f82a279e7469e2896f276',
20 silly publish   _id: 'ng-yt-player@1.0.1',
20 silly publish   _shasum: '3796420601ec812d5bc2b4c61d20c233226036e7',
20 silly publish   _from: '.' }
21 verbose getPublishConfig undefined
22 silly mapToRegistry name ng-yt-player
23 silly mapToRegistry using default registry
24 silly mapToRegistry registry https://registry.npmjs.org/
25 silly mapToRegistry data Result {
25 silly mapToRegistry   raw: 'ng-yt-player',
25 silly mapToRegistry   scope: null,
25 silly mapToRegistry   name: 'ng-yt-player',
25 silly mapToRegistry   rawSpec: '',
25 silly mapToRegistry   spec: 'latest',
25 silly mapToRegistry   type: 'tag' }
26 silly mapToRegistry uri https://registry.npmjs.org/ng-yt-player
27 verbose publish registryBase https://registry.npmjs.org/
28 silly publish uploading /Users/gugs/.npm/ng-yt-player/1.0.1/package.tgz
29 verbose request uri https://registry.npmjs.org/ng-yt-player
30 verbose request sending authorization for write operation
31 info attempt registry request try #1 at 2:56:23 PM
32 verbose request using bearer token for auth
33 verbose request id 7a9539184e3651cc
34 http request PUT https://registry.npmjs.org/ng-yt-player
35 http 403 https://registry.npmjs.org/ng-yt-player
36 verbose headers { 'content-type': 'application/json',
36 verbose headers   'cache-control': 'max-age=300',
36 verbose headers   'content-length': '95',
36 verbose headers   'accept-ranges': 'bytes',
36 verbose headers   date: 'Tue, 06 Sep 2016 18:56:23 GMT',
36 verbose headers   via: '1.1 varnish',
36 verbose headers   connection: 'keep-alive',
36 verbose headers   'x-served-by': 'cache-sea1926-SEA',
36 verbose headers   'x-cache': 'MISS',
36 verbose headers   'x-cache-hits': '0',
36 verbose headers   'x-timer': 'S1473188183.805623,VS0,VE76',
36 verbose headers   vary: 'Accept-Encoding' }
37 verbose request invalidating /Users/gugs/.npm/registry.npmjs.org/ng-yt-player on PUT
38 error publish Failed PUT 403
39 verbose stack Error: "You cannot publish over the previously published version 1.0.1." : ng-yt-player
39 verbose stack     at makeError (/usr/local/lib/node_modules/npm/node_modules/npm-registry-client/lib/request.js:264:12)
39 verbose stack     at CachingRegistryClient.<anonymous> (/usr/local/lib/node_modules/npm/node_modules/npm-registry-client/lib/request.js:252:14)
39 verbose stack     at Request._callback (/usr/local/lib/node_modules/npm/node_modules/npm-registry-client/lib/request.js:172:14)
39 verbose stack     at Request.self.callback (/usr/local/lib/node_modules/npm/node_modules/request/request.js:200:22)
39 verbose stack     at emitTwo (events.js:87:13)
39 verbose stack     at Request.emit (events.js:172:7)
39 verbose stack     at Request.<anonymous> (/usr/local/lib/node_modules/npm/node_modules/request/request.js:1067:10)
39 verbose stack     at emitOne (events.js:82:20)
39 verbose stack     at Request.emit (events.js:169:7)
39 verbose stack     at IncomingMessage.<anonymous> (/usr/local/lib/node_modules/npm/node_modules/request/request.js:988:12)
40 verbose statusCode 403
41 verbose pkgid ng-yt-player
42 verbose cwd /Users/gugs/dev/ng-youtube/public/dist/ngYtPlayer
43 error Darwin 15.6.0
44 error argv "/usr/local/bin/node" "/usr/local/bin/npm" "publish"
45 error node v4.4.7
46 error npm  v2.15.8
47 error code E403
48 error "You cannot publish over the previously published version 1.0.1." : ng-yt-player
49 error If you need help, you may report this error at:
49 error     <https://github.com/npm/npm/issues>
50 verbose exit [ 1, true ]
